<?xml version="1.0" encoding="UTF-8" ?>
<testsuite tests="3" failures="1" name="testcases.TestLoginDemo" time="44.726" errors="0" skipped="2">
  <properties>
[...]
</properties>
  <testcase classname="testcases.TestLoginDemo" name="setUp" time="44.724">
    <failure message="Unable to create new remote session. desired capabilities = Capabilities [{app=/Users/shikhergupta/Desktop/Mobile/AppiumDemo/apps/app-debug.apk, appPackage=com.shikhergupta.logindemo, appium-version=1.5.3, platformVersion=5.1, platformName=Android, deviceName=TA64303BER}], required capabilities = Capabilities [{}]
Build info: version: &apos;3.0.1&apos;, revision: &apos;1969d75&apos;, time: &apos;2016-10-18 09:49:13 -0700&apos;
System info: host: &apos;Shikhers-MacBook-Pro.local&apos;, ip: &apos;192.168.1.17&apos;, os.name: &apos;Mac OS X&apos;, os.arch: &apos;x86_64&apos;, os.version: &apos;10.12.2&apos;, java.version: &apos;1.8.0_111&apos;
Driver info: driver.version: AndroidDriver" type="org.openqa.selenium.SessionNotCreatedException">org.openqa.selenium.SessionNotCreatedException: Unable to create new remote session. desired capabilities = Capabilities [{app=/Users/shikhergupta/Desktop/Mobile/AppiumDemo/apps/app-debug.apk, appPackage=com.shikhergupta.logindemo, appium-version=1.5.3, platformVersion=5.1, platformName=Android, deviceName=TA64303BER}], required capabilities = Capabilities [{}]
Build info: version: &apos;3.0.1&apos;, revision: &apos;1969d75&apos;, time: &apos;2016-10-18 09:49:13 -0700&apos;
System info: host: &apos;Shikhers-MacBook-Pro.local&apos;, ip: &apos;192.168.1.17&apos;, os.name: &apos;Mac OS X&apos;, os.arch: &apos;x86_64&apos;, os.version: &apos;10.12.2&apos;, java.version: &apos;1.8.0_111&apos;
Driver info: driver.version: AndroidDriver
	at org.openqa.selenium.remote.ProtocolHandshake.createSession(ProtocolHandshake.java:91)
	at org.openqa.selenium.remote.HttpCommandExecutor.execute(HttpCommandExecutor.java:141)
	at io.appium.java_client.remote.AppiumCommandExecutor.execute(AppiumCommandExecutor.java:69)
	at org.openqa.selenium.remote.RemoteWebDriver.execute(RemoteWebDriver.java:601)
	at io.appium.java_client.DefaultGenericMobileDriver.execute(DefaultGenericMobileDriver.java:40)
	at io.appium.java_client.AppiumDriver.execute(AppiumDriver.java:1)
	at io.appium.java_client.android.AndroidDriver.execute(AndroidDriver.java:1)
	at org.openqa.selenium.remote.RemoteWebDriver.startSession(RemoteWebDriver.java:241)
	at org.openqa.selenium.remote.RemoteWebDriver.&lt;init&gt;(RemoteWebDriver.java:128)
	at org.openqa.selenium.remote.RemoteWebDriver.&lt;init&gt;(RemoteWebDriver.java:141)
	at io.appium.java_client.DefaultGenericMobileDriver.&lt;init&gt;(DefaultGenericMobileDriver.java:36)
	at io.appium.java_client.AppiumDriver.&lt;init&gt;(AppiumDriver.java:114)
	at io.appium.java_client.AppiumDriver.&lt;init&gt;(AppiumDriver.java:132)
	at io.appium.java_client.android.AndroidDriver.&lt;init&gt;(AndroidDriver.java:92)
	at testcases.DeviceSetUp.prepareAndroidForAppium(DeviceSetUp.java:27)
	at testcases.TestLoginDemo.setUp(TestLoginDemo.java:13)
</failure>
    <system-out>Configuring TestNG with: org.apache.maven.surefire.testng.conf.TestNG652Configurator@5c8da962
</system-out>
    <system-err>Dec 26, 2016 8:26:41 PM org.openqa.selenium.remote.ProtocolHandshake createSession
INFO: Attempting bi-dialect session, assuming Postel&apos;s Law holds true on the remote end
Dec 26, 2016 8:26:41 PM org.openqa.selenium.remote.ProtocolHandshake createSession
INFO: Falling back to original OSS JSON Wire Protocol.
Dec 26, 2016 8:26:45 PM org.openqa.selenium.remote.ProtocolHandshake createSession
INFO: Falling back to straight W3C remote end connection
</system-err>
  </testcase>
  <testcase classname="testcases.TestLoginDemo" name="falseTestLoginDemo" time="0.001">
    <skipped/>
  </testcase>
  <testcase classname="testcases.TestLoginDemo" name="tearDown" time="0.001">
    <skipped/>
  </testcase>
</testsuite>